<?xml version="1.0" encoding="UTF-8"?>
<testsuite xmlns:xsi="http://www.w3.org/2001/XMLSchema-instance" xsi:noNamespaceSchemaLocation="https://maven.apache.org/surefire/maven-surefire-plugin/xsd/surefire-test-report-3.0.xsd" version="3.0" name="com.api_rest.items_db_II.ItemsDbIiApplicationTests" time="1.712" tests="1" errors="0" skipped="0" failures="0">
  <properties>
[...]
</properties>
  <testcase name="contextLoads" classname="com.api_rest.items_db_II.ItemsDbIiApplicationTests" time="0.461">
    <system-out><![CDATA[10:59:24.173 [main] INFO org.springframework.test.context.support.AnnotationConfigContextLoaderUtils -- Could not detect default configuration classes for test class [com.api_rest.items_db_II.ItemsDbIiApplicationTests]: ItemsDbIiApplicationTests does not declare any static, non-private, non-final, nested classes annotated with @Configuration.
10:59:24.220 [main] INFO org.springframework.boot.test.context.SpringBootTestContextBootstrapper -- Found @SpringBootConfiguration com.api_rest.items_db_II.ItemsDbIiApplication for test class com.api_rest.items_db_II.ItemsDbIiApplicationTests
10:59:24.287 [main] INFO org.springframework.boot.devtools.restart.RestartApplicationListener -- Restart disabled due to context in which it is running

  .   ____          _            __ _ _
 /\\ / ___'_ __ _ _(_)_ __  __ _ \ \ \ \
( ( )\___ | '_ | '_| | '_ \/ _` | \ \ \ \
 \\/  ___)| |_)| | | | | || (_| |  ) ) ) )
  '  |____| .__|_| |_|_| |_\__, | / / / /
 =========|_|==============|___/=/_/_/_/

 :: Spring Boot ::                (v3.3.4)

2024-10-18T10:59:24.407-05:00  INFO 26119 --- [items-db-II] [           main] c.a.i.ItemsDbIiApplicationTests          : Starting ItemsDbIiApplicationTests using Java 21.0.3 with PID 26119 (started by christian09 in /home/christian09/Documents/bases-de-datos-II/Backend/items-db-II)
2024-10-18T10:59:24.408-05:00  INFO 26119 --- [items-db-II] [           main] c.a.i.ItemsDbIiApplicationTests          : No active profile set, falling back to 1 default profile: "default"
2024-10-18T10:59:24.678-05:00  INFO 26119 --- [items-db-II] [           main] .s.d.r.c.RepositoryConfigurationDelegate : Bootstrapping Spring Data MongoDB repositories in DEFAULT mode.
2024-10-18T10:59:24.702-05:00  INFO 26119 --- [items-db-II] [           main] .s.d.r.c.RepositoryConfigurationDelegate : Finished Spring Data repository scanning in 21 ms. Found 1 MongoDB repository interface.
2024-10-18T10:59:24.963-05:00  INFO 26119 --- [items-db-II] [           main] org.mongodb.driver.client                : MongoClient with metadata {"application": {"name": "MongoDB101"}, "driver": {"name": "mongo-java-driver|sync|spring-boot", "version": "5.0.1"}, "os": {"type": "Linux", "name": "Linux", "architecture": "amd64", "version": "6.8.0-45-generic"}, "platform": "Java/Amazon.com Inc./21.0.3+9-LTS"} created with settings MongoClientSettings{readPreference=primary, writeConcern=WriteConcern{w=majority, wTimeout=null ms, journal=null}, retryWrites=true, retryReads=true, readConcern=ReadConcern{level=null}, credential=MongoCredential{mechanism=null, userName='3dm', source='admin', password=<hidden>, mechanismProperties=<hidden>}, transportSettings=null, commandListeners=[], codecRegistry=ProvidersCodecRegistry{codecProviders=[ValueCodecProvider{}, BsonValueCodecProvider{}, DBRefCodecProvider{}, DBObjectCodecProvider{}, DocumentCodecProvider{}, CollectionCodecProvider{}, IterableCodecProvider{}, MapCodecProvider{}, GeoJsonCodecProvider{}, GridFSFileCodecProvider{}, Jsr310CodecProvider{}, JsonObjectCodecProvider{}, BsonCodecProvider{}, EnumCodecProvider{}, com.mongodb.client.model.mql.ExpressionCodecProvider@6ef60295, com.mongodb.Jep395RecordCodecProvider@3127cb44, com.mongodb.KotlinCodecProvider@3234474]}, loggerSettings=LoggerSettings{maxDocumentLength=1000}, clusterSettings={hosts=[127.0.0.1:27017], srvHost=mongodb101.pl11fdo.mongodb.net, srvServiceName=mongodb, mode=MULTIPLE, requiredClusterType=REPLICA_SET, requiredReplicaSetName='atlas-geajrp-shard-0', serverSelector='null', clusterListeners='[]', serverSelectionTimeout='30000 ms', localThreshold='15 ms'}, socketSettings=SocketSettings{connectTimeoutMS=10000, readTimeoutMS=0, receiveBufferSize=0, proxySettings=ProxySettings{host=null, port=null, username=null, password=null}}, heartbeatSocketSettings=SocketSettings{connectTimeoutMS=10000, readTimeoutMS=10000, receiveBufferSize=0, proxySettings=ProxySettings{host=null, port=null, username=null, password=null}}, connectionPoolSettings=ConnectionPoolSettings{maxSize=100, minSize=0, maxWaitTimeMS=120000, maxConnectionLifeTimeMS=0, maxConnectionIdleTimeMS=0, maintenanceInitialDelayMS=0, maintenanceFrequencyMS=60000, connectionPoolListeners=[], maxConnecting=2}, serverSettings=ServerSettings{heartbeatFrequencyMS=10000, minHeartbeatFrequencyMS=500, serverListeners='[]', serverMonitorListeners='[]'}, sslSettings=SslSettings{enabled=true, invalidHostNameAllowed=false, context=null}, applicationName='MongoDB101', compressorList=[], uuidRepresentation=JAVA_LEGACY, serverApi=null, autoEncryptionSettings=null, dnsClient=null, inetAddressResolver=null, contextProvider=null}
2024-10-18T10:59:25.020-05:00  INFO 26119 --- [items-db-II] [fdo.mongodb.net] org.mongodb.driver.cluster               : Adding discovered server ac-rpj3hcb-shard-00-02.pl11fdo.mongodb.net:27017 to client view of cluster
2024-10-18T10:59:25.030-05:00  INFO 26119 --- [items-db-II] [fdo.mongodb.net] org.mongodb.driver.cluster               : Adding discovered server ac-rpj3hcb-shard-00-00.pl11fdo.mongodb.net:27017 to client view of cluster
2024-10-18T10:59:25.032-05:00  INFO 26119 --- [items-db-II] [fdo.mongodb.net] org.mongodb.driver.cluster               : Adding discovered server ac-rpj3hcb-shard-00-01.pl11fdo.mongodb.net:27017 to client view of cluster
2024-10-18T10:59:25.330-05:00  INFO 26119 --- [items-db-II] [           main] c.a.i.ItemsDbIiApplicationTests          : Started ItemsDbIiApplicationTests in 1.048 seconds (process running for 1.493)
]]></system-out>
    <system-err><![CDATA[WARNING: A Java agent has been loaded dynamically (/home/christian09/.m2/repository/net/bytebuddy/byte-buddy-agent/1.14.19/byte-buddy-agent-1.14.19.jar)
WARNING: If a serviceability tool is in use, please run with -XX:+EnableDynamicAgentLoading to hide this warning
WARNING: If a serviceability tool is not in use, please run with -Djdk.instrument.traceUsage for more information
WARNING: Dynamic loading of agents will be disallowed by default in a future release
]]></system-err>
  </testcase>
</testsuite>